Build started 24/04/2016 23:44:33.
     1>Project "G:\College\Year 4\Graphics\graphics_assignment_two\CA2\CA2\CA2.vcxproj" on node 2 (Build target(s)).
     1>ClCompile:
         C:\Program Files (x86)\Microsoft Visual Studio 12.0\VC\bin\x86_amd64\CL.exe /c /I"C:\Program Files\SFML\SFML-2.3.2\include" /Zi /nologo /W3 /WX- /Od /D WIN32 /D _DEBUG /D _CONSOLE /D _LIB /D _UNICODE /D UNICODE /Gm /EHsc /RTC1 /MDd /GS /fp:precise /Zc:wchar_t /Zc:forScope /Fo"x64\Debug\\" /Fd"x64\Debug\vc120.pdb" /Gd /TP /errorReport:prompt Main.cpp
         Main.cpp
     1>g:\college\year 4\graphics\graphics_assignment_two\ca2\ca2\Drawable.h(41): warning C4305: 'argument' : truncation from 'double' to 'float'
     1>g:\college\year 4\graphics\graphics_assignment_two\ca2\ca2\Drawable.h(42): warning C4305: 'argument' : truncation from 'double' to 'float'
     1>g:\college\year 4\graphics\graphics_assignment_two\ca2\ca2\Drawable.h(43): warning C4305: 'argument' : truncation from 'double' to 'float'
     1>g:\college\year 4\graphics\graphics_assignment_two\ca2\ca2\Drawable.h(44): warning C4305: 'argument' : truncation from 'double' to 'float'
     1>g:\college\year 4\graphics\graphics_assignment_two\ca2\ca2\Drawable.h(46): warning C4305: 'argument' : truncation from 'double' to 'float'
     1>g:\college\year 4\graphics\graphics_assignment_two\ca2\ca2\Drawable.h(47): warning C4305: 'argument' : truncation from 'double' to 'float'
     1>g:\college\year 4\graphics\graphics_assignment_two\ca2\ca2\Drawable.h(48): warning C4305: 'argument' : truncation from 'double' to 'float'
     1>g:\college\year 4\graphics\graphics_assignment_two\ca2\ca2\Drawable.h(49): warning C4305: 'argument' : truncation from 'double' to 'float'
     1>g:\college\year 4\graphics\graphics_assignment_two\ca2\ca2\Drawable.h(51): warning C4305: 'argument' : truncation from 'double' to 'float'
     1>g:\college\year 4\graphics\graphics_assignment_two\ca2\ca2\Drawable.h(52): warning C4305: 'argument' : truncation from 'double' to 'float'
     1>g:\college\year 4\graphics\graphics_assignment_two\ca2\ca2\Drawable.h(53): warning C4305: 'argument' : truncation from 'double' to 'float'
     1>g:\college\year 4\graphics\graphics_assignment_two\ca2\ca2\Drawable.h(54): warning C4305: 'argument' : truncation from 'double' to 'float'
     1>g:\college\year 4\graphics\graphics_assignment_two\ca2\ca2\Drawable.h(56): warning C4305: 'argument' : truncation from 'double' to 'float'
     1>g:\college\year 4\graphics\graphics_assignment_two\ca2\ca2\Drawable.h(57): warning C4305: 'argument' : truncation from 'double' to 'float'
     1>g:\college\year 4\graphics\graphics_assignment_two\ca2\ca2\Drawable.h(58): warning C4305: 'argument' : truncation from 'double' to 'float'
     1>g:\college\year 4\graphics\graphics_assignment_two\ca2\ca2\Drawable.h(59): warning C4305: 'argument' : truncation from 'double' to 'float'
     1>g:\college\year 4\graphics\graphics_assignment_two\ca2\ca2\Drawable.h(61): warning C4305: 'argument' : truncation from 'double' to 'float'
     1>g:\college\year 4\graphics\graphics_assignment_two\ca2\ca2\Drawable.h(62): warning C4305: 'argument' : truncation from 'double' to 'float'
     1>g:\college\year 4\graphics\graphics_assignment_two\ca2\ca2\Drawable.h(63): warning C4305: 'argument' : truncation from 'double' to 'float'
     1>g:\college\year 4\graphics\graphics_assignment_two\ca2\ca2\Drawable.h(64): warning C4305: 'argument' : truncation from 'double' to 'float'
     1>g:\college\year 4\graphics\graphics_assignment_two\ca2\ca2\Drawable.h(66): warning C4305: 'argument' : truncation from 'double' to 'float'
     1>g:\college\year 4\graphics\graphics_assignment_two\ca2\ca2\Drawable.h(67): warning C4305: 'argument' : truncation from 'double' to 'float'
     1>g:\college\year 4\graphics\graphics_assignment_two\ca2\ca2\TaperedTop.h(55): warning C4244: 'argument' : conversion from 'int' to 'float', possible loss of data
     1>g:\college\year 4\graphics\graphics_assignment_two\ca2\ca2\Torch.h(55): warning C4305: 'initializing' : truncation from 'double' to 'float'
     1>g:\college\year 4\graphics\graphics_assignment_two\ca2\ca2\Torch.h(44): warning C4305: '*=' : truncation from 'double' to 'float'
     1>g:\college\year 4\graphics\graphics_assignment_two\ca2\ca2\Floor.h(27): warning C4805: '==' : unsafe mix of type 'int' and type 'bool' in operation
     1>Main.cpp(234): warning C4305: 'argument' : truncation from 'double' to 'GLfloat'
     1>Main.cpp(235): warning C4305: 'argument' : truncation from 'double' to 'GLfloat'
     1>Main.cpp(236): warning C4305: 'argument' : truncation from 'double' to 'GLfloat'
     1>Main.cpp(130): warning C4101: 'tetha' : unreferenced local variable
     1>g:\college\year 4\graphics\graphics_assignment_two\ca2\ca2\Vector.h(86): warning C4244: 'argument' : conversion from 'double' to 'const float', possible loss of data
                 g:\college\year 4\graphics\graphics_assignment_two\ca2\ca2\Vector.h(85) : while compiling class template member function 'Vector<float> Vector<float>::getUnitVector(void) const'
                 g:\college\year 4\graphics\graphics_assignment_two\ca2\ca2\Camera.h(72) : see reference to function template instantiation 'Vector<float> Vector<float>::getUnitVector(void) const' being compiled
                 g:\college\year 4\graphics\graphics_assignment_two\ca2\ca2\BaseSceneObject.h(14) : see reference to class template instantiation 'Vector<float>' being compiled
     1>g:\college\year 4\graphics\graphics_assignment_two\ca2\ca2\Vector.h(102): warning C4244: '=' : conversion from 'double' to 'float', possible loss of data
                 g:\college\year 4\graphics\graphics_assignment_two\ca2\ca2\Vector.h(95) : while compiling class template member function 'Vector<float> Vector<float>::rotateAroundAxis(Vector<float>,float)'
                 g:\college\year 4\graphics\graphics_assignment_two\ca2\ca2\BaseSceneObject.h(64) : see reference to function template instantiation 'Vector<float> Vector<float>::rotateAroundAxis(Vector<float>,float)' being compiled
       Link:
         C:\Program Files (x86)\Microsoft Visual Studio 12.0\VC\bin\x86_amd64\link.exe /ERRORREPORT:PROMPT /OUT:"G:\College\Year 4\Graphics\graphics_assignment_two\CA2\x64\Debug\CA2.exe" /INCREMENTAL /NOLOGO /LIBPATH:"C:\Program Files\SFML\SFML-2.3.2\lib" kernel32.lib user32.lib gdi32.lib winspool.lib comdlg32.lib advapi32.lib shell32.lib ole32.lib oleaut32.lib uuid.lib odbc32.lib odbccp32.lib /MANIFEST /MANIFESTUAC:"level='asInvoker' uiAccess='false'" /manifest:embed /DEBUG /PDB:"G:\College\Year 4\Graphics\graphics_assignment_two\CA2\x64\Debug\CA2.pdb" /SUBSYSTEM:CONSOLE /TLBID:1 /DYNAMICBASE /NXCOMPAT /IMPLIB:"G:\College\Year 4\Graphics\graphics_assignment_two\CA2\x64\Debug\CA2.lib" /MACHINE:X64 x64\Debug\Main.obj
         CA2.vcxproj -> G:\College\Year 4\Graphics\graphics_assignment_two\CA2\x64\Debug\CA2.exe
     1>Done Building Project "G:\College\Year 4\Graphics\graphics_assignment_two\CA2\CA2\CA2.vcxproj" (Build target(s)).

Build succeeded.

Time Elapsed 00:00:02.14
